<?xml version="1.0" encoding="UTF-8"?>
<testsuite xmlns:xsi="http://www.w3.org/2001/XMLSchema-instance" xsi:noNamespaceSchemaLocation="https://maven.apache.org/surefire/maven-surefire-plugin/xsd/surefire-test-report-3.0.xsd" version="3.0" name="calculator.RunCucumberTest" time="0.185" tests="8" errors="0" skipped="0" failures="0">
  <properties>
    <property name="java.specification.version" value="14"/>
    <property name="sun.cpu.isalist" value="amd64"/>
    <property name="sun.jnu.encoding" value="Cp1252"/>
    <property name="java.class.path" value="C:\Users\franc\OneDrive\Escritorio\Ingenieria de la Salud\3º Ing Salud\2º cuatrimestre\Ingeniería de Software Avanzada\Cucumber\calculator\target\test-classes;C:\Users\franc\OneDrive\Escritorio\Ingenieria de la Salud\3º Ing Salud\2º cuatrimestre\Ingeniería de Software Avanzada\Cucumber\calculator\target\classes;C:\Users\franc\.m2\repository\io\cucumber\cucumber-java\7.0.0\cucumber-java-7.0.0.jar;C:\Users\franc\.m2\repository\io\cucumber\cucumber-core\7.0.0\cucumber-core-7.0.0.jar;C:\Users\franc\.m2\repository\io\cucumber\cucumber-gherkin\7.0.0\cucumber-gherkin-7.0.0.jar;C:\Users\franc\.m2\repository\io\cucumber\cucumber-gherkin-messages\7.0.0\cucumber-gherkin-messages-7.0.0.jar;C:\Users\franc\.m2\repository\io\cucumber\messages\17.1.1\messages-17.1.1.jar;C:\Users\franc\.m2\repository\io\cucumber\tag-expressions\4.0.2\tag-expressions-4.0.2.jar;C:\Users\franc\.m2\repository\io\cucumber\cucumber-expressions\13.0.1\cucumber-expressions-13.0.1.jar;C:\Users\franc\.m2\repository\io\cucumber\datatable\7.0.0\datatable-7.0.0.jar;C:\Users\franc\.m2\repository\io\cucumber\cucumber-plugin\7.0.0\cucumber-plugin-7.0.0.jar;C:\Users\franc\.m2\repository\io\cucumber\docstring\7.0.0\docstring-7.0.0.jar;C:\Users\franc\.m2\repository\io\cucumber\html-formatter\17.0.0\html-formatter-17.0.0.jar;C:\Users\franc\.m2\repository\io\cucumber\create-meta\6.0.1\create-meta-6.0.1.jar;C:\Users\franc\.m2\repository\org\apiguardian\apiguardian-api\1.1.2\apiguardian-api-1.1.2.jar;C:\Users\franc\.m2\repository\io\cucumber\cucumber-junit-platform-engine\7.0.0\cucumber-junit-platform-engine-7.0.0.jar;C:\Users\franc\.m2\repository\org\junit\platform\junit-platform-engine\1.8.1\junit-platform-engine-1.8.1.jar;C:\Users\franc\.m2\repository\org\opentest4j\opentest4j\1.2.0\opentest4j-1.2.0.jar;C:\Users\franc\.m2\repository\org\junit\platform\junit-platform-commons\1.8.1\junit-platform-commons-1.8.1.jar;C:\Users\franc\.m2\repository\org\junit\platform\junit-platform-suite\1.8.1\junit-platform-suite-1.8.1.jar;C:\Users\franc\.m2\repository\org\junit\platform\junit-platform-suite-api\1.8.1\junit-platform-suite-api-1.8.1.jar;C:\Users\franc\.m2\repository\org\junit\platform\junit-platform-suite-engine\1.8.1\junit-platform-suite-engine-1.8.1.jar;C:\Users\franc\.m2\repository\org\junit\platform\junit-platform-suite-commons\1.8.1\junit-platform-suite-commons-1.8.1.jar;C:\Users\franc\.m2\repository\org\junit\platform\junit-platform-launcher\1.8.1\junit-platform-launcher-1.8.1.jar;C:\Users\franc\.m2\repository\org\junit\jupiter\junit-jupiter\5.8.1\junit-jupiter-5.8.1.jar;C:\Users\franc\.m2\repository\org\junit\jupiter\junit-jupiter-api\5.8.1\junit-jupiter-api-5.8.1.jar;C:\Users\franc\.m2\repository\org\junit\jupiter\junit-jupiter-params\5.8.1\junit-jupiter-params-5.8.1.jar;C:\Users\franc\.m2\repository\org\junit\jupiter\junit-jupiter-engine\5.8.1\junit-jupiter-engine-5.8.1.jar;"/>
    <property name="java.vm.vendor" value="Oracle Corporation"/>
    <property name="sun.arch.data.model" value="64"/>
    <property name="user.variant" value=""/>
    <property name="java.vendor.url" value="https://java.oracle.com/"/>
    <property name="user.timezone" value="Europe/Madrid"/>
    <property name="os.name" value="Windows 10"/>
    <property name="java.vm.specification.version" value="14"/>
    <property name="sun.java.launcher" value="SUN_STANDARD"/>
    <property name="user.country" value="ES"/>
    <property name="sun.boot.library.path" value="C:\Program Files\Java\jdk-14.0.1\bin"/>
    <property name="sun.java.command" value="C:\Users\franc\AppData\Local\Temp\surefire19424176357498601\surefirebooter10810638741252056694.jar C:\Users\franc\AppData\Local\Temp\surefire19424176357498601 2022-03-20T16-30-01_021-jvmRun1 surefire7384442124233084119tmp surefire_03075351208258830271tmp"/>
    <property name="jdk.debug" value="release"/>
    <property name="surefire.test.class.path" value="C:\Users\franc\OneDrive\Escritorio\Ingenieria de la Salud\3º Ing Salud\2º cuatrimestre\Ingeniería de Software Avanzada\Cucumber\calculator\target\test-classes;C:\Users\franc\OneDrive\Escritorio\Ingenieria de la Salud\3º Ing Salud\2º cuatrimestre\Ingeniería de Software Avanzada\Cucumber\calculator\target\classes;C:\Users\franc\.m2\repository\io\cucumber\cucumber-java\7.0.0\cucumber-java-7.0.0.jar;C:\Users\franc\.m2\repository\io\cucumber\cucumber-core\7.0.0\cucumber-core-7.0.0.jar;C:\Users\franc\.m2\repository\io\cucumber\cucumber-gherkin\7.0.0\cucumber-gherkin-7.0.0.jar;C:\Users\franc\.m2\repository\io\cucumber\cucumber-gherkin-messages\7.0.0\cucumber-gherkin-messages-7.0.0.jar;C:\Users\franc\.m2\repository\io\cucumber\messages\17.1.1\messages-17.1.1.jar;C:\Users\franc\.m2\repository\io\cucumber\tag-expressions\4.0.2\tag-expressions-4.0.2.jar;C:\Users\franc\.m2\repository\io\cucumber\cucumber-expressions\13.0.1\cucumber-expressions-13.0.1.jar;C:\Users\franc\.m2\repository\io\cucumber\datatable\7.0.0\datatable-7.0.0.jar;C:\Users\franc\.m2\repository\io\cucumber\cucumber-plugin\7.0.0\cucumber-plugin-7.0.0.jar;C:\Users\franc\.m2\repository\io\cucumber\docstring\7.0.0\docstring-7.0.0.jar;C:\Users\franc\.m2\repository\io\cucumber\html-formatter\17.0.0\html-formatter-17.0.0.jar;C:\Users\franc\.m2\repository\io\cucumber\create-meta\6.0.1\create-meta-6.0.1.jar;C:\Users\franc\.m2\repository\org\apiguardian\apiguardian-api\1.1.2\apiguardian-api-1.1.2.jar;C:\Users\franc\.m2\repository\io\cucumber\cucumber-junit-platform-engine\7.0.0\cucumber-junit-platform-engine-7.0.0.jar;C:\Users\franc\.m2\repository\org\junit\platform\junit-platform-engine\1.8.1\junit-platform-engine-1.8.1.jar;C:\Users\franc\.m2\repository\org\opentest4j\opentest4j\1.2.0\opentest4j-1.2.0.jar;C:\Users\franc\.m2\repository\org\junit\platform\junit-platform-commons\1.8.1\junit-platform-commons-1.8.1.jar;C:\Users\franc\.m2\repository\org\junit\platform\junit-platform-suite\1.8.1\junit-platform-suite-1.8.1.jar;C:\Users\franc\.m2\repository\org\junit\platform\junit-platform-suite-api\1.8.1\junit-platform-suite-api-1.8.1.jar;C:\Users\franc\.m2\repository\org\junit\platform\junit-platform-suite-engine\1.8.1\junit-platform-suite-engine-1.8.1.jar;C:\Users\franc\.m2\repository\org\junit\platform\junit-platform-suite-commons\1.8.1\junit-platform-suite-commons-1.8.1.jar;C:\Users\franc\.m2\repository\org\junit\platform\junit-platform-launcher\1.8.1\junit-platform-launcher-1.8.1.jar;C:\Users\franc\.m2\repository\org\junit\jupiter\junit-jupiter\5.8.1\junit-jupiter-5.8.1.jar;C:\Users\franc\.m2\repository\org\junit\jupiter\junit-jupiter-api\5.8.1\junit-jupiter-api-5.8.1.jar;C:\Users\franc\.m2\repository\org\junit\jupiter\junit-jupiter-params\5.8.1\junit-jupiter-params-5.8.1.jar;C:\Users\franc\.m2\repository\org\junit\jupiter\junit-jupiter-engine\5.8.1\junit-jupiter-engine-5.8.1.jar;"/>
    <property name="sun.cpu.endian" value="little"/>
    <property name="user.home" value="C:\Users\franc"/>
    <property name="user.language" value="es"/>
    <property name="java.specification.vendor" value="Oracle Corporation"/>
    <property name="java.version.date" value="2020-04-14"/>
    <property name="java.home" value="C:\Program Files\Java\jdk-14.0.1"/>
    <property name="file.separator" value="\"/>
    <property name="basedir" value="C:\Users\franc\OneDrive\Escritorio\Ingenieria de la Salud\3º Ing Salud\2º cuatrimestre\Ingeniería de Software Avanzada\Cucumber\calculator"/>
    <property name="java.vm.compressedOopsMode" value="Zero based"/>
    <property name="line.separator" value="&#10;"/>
    <property name="java.vm.specification.vendor" value="Oracle Corporation"/>
    <property name="java.specification.name" value="Java Platform API Specification"/>
    <property name="surefire.real.class.path" value="C:\Users\franc\AppData\Local\Temp\surefire19424176357498601\surefirebooter10810638741252056694.jar"/>
    <property name="user.script" value=""/>
    <property name="sun.management.compiler" value="HotSpot 64-Bit Tiered Compilers"/>
    <property name="java.runtime.version" value="14.0.1+7"/>
    <property name="user.name" value="franc"/>
    <property name="path.separator" value=";"/>
    <property name="os.version" value="10.0"/>
    <property name="java.runtime.name" value="Java(TM) SE Runtime Environment"/>
    <property name="file.encoding" value="Cp1252"/>
    <property name="java.vm.name" value="Java HotSpot(TM) 64-Bit Server VM"/>
    <property name="localRepository" value="C:\Users\franc\.m2\repository"/>
    <property name="java.vendor.url.bug" value="https://bugreport.java.com/bugreport/"/>
    <property name="java.io.tmpdir" value="C:\Users\franc\AppData\Local\Temp\"/>
    <property name="java.version" value="14.0.1"/>
    <property name="user.dir" value="C:\Users\franc\OneDrive\Escritorio\Ingenieria de la Salud\3º Ing Salud\2º cuatrimestre\Ingeniería de Software Avanzada\Cucumber\calculator"/>
    <property name="os.arch" value="amd64"/>
    <property name="java.vm.specification.name" value="Java Virtual Machine Specification"/>
    <property name="sun.os.patch.level" value=""/>
    <property name="java.library.path" value="C:\Program Files\Java\jdk-14.0.1\bin;C:\WINDOWS\Sun\Java\bin;C:\WINDOWS\system32;C:\WINDOWS;C:\Users\franc\bin;C:\Program Files\Git\mingw64\bin;C:\Program Files\Git\usr\local\bin;C:\Program Files\Git\usr\bin;C:\Program Files\Git\usr\bin;C:\Program Files\Git\mingw64\bin;C:\Program Files\Git\usr\bin;C:\Users\franc\bin;C:\Windows\system32;C:\Windows;C:\Windows\System32\Wbem;C:\Windows\System32\WindowsPowerShell\v1.0;C:\Windows\System32\OpenSSH;C:\Program Files (x86)\NVIDIA Corporation\PhysX\Common;C:\Program Files\NVIDIA Corporation\NVIDIA NvDLISR;C:\Users\franc\OneDrive\Escritorio\bin;C:\WINDOWS\system32;C:\WINDOWS;C:\WINDOWS\System32\Wbem;C:\WINDOWS\System32\WindowsPowerShell\v1.0;C:\WINDOWS\System32\OpenSSH;C:\Program Files\AutoFirma\AutoFirma;C:\Program Files\Microsoft SQL Server\Client SDK\ODBC\110\Tools\Binn;C:\Program Files (x86)\Microsoft SQL Server\120\Tools\Binn;C:\Program Files\Microsoft SQL Server\120\Tools\Binn;C:\Program Files\Microsoft SQL Server\120\DTS\Binn;C:\Program Files\Docker\Docker\resources\bin;C:\ProgramData\DockerDesktop\version-bin;C:\Program Files\Git\cmd;C:\Users\franc\OneDrive\Escritorio\apache-maven-3.8.5-bin\apache-maven-3.8.5\bin;C:\Users\franc\AppData\Local\Microsoft\WindowsApps;C:\Users\franc\AppData\Roaming\TinyTeX\bin\win32;C:\Program Files\Git\usr\bin\vendor_perl;C:\Program Files\Git\usr\bin\core_perl;."/>
    <property name="java.vm.info" value="mixed mode, sharing"/>
    <property name="java.vendor" value="Oracle Corporation"/>
    <property name="java.vm.version" value="14.0.1+7"/>
    <property name="sun.io.unicode.encoding" value="UnicodeLittle"/>
    <property name="java.class.version" value="58.0"/>
  </properties>
  <testcase name="Divide two numbers" classname="Division" time="0.061">
    <system-out><![CDATA[
Scenario: Divide two numbers                                       &amp#27;[90m# calculator/divide.feature:4&amp#27;[0m
  &amp#27;[32mGiven &amp#27;[0m&amp#27;[32mThe calculator is running&amp#27;[0m                                  &amp#27;[90m# calculator.StepDefinitions.the_calculator_is_running()&amp#27;[0m
  &amp#27;[32mWhen &amp#27;[0m&amp#27;[32mI have entered &amp#27;[0m&amp#27;[32m&amp#27;[1m3.0&amp#27;[0m&amp#27;[32m and &amp#27;[0m&amp#27;[32m&amp#27;[1m2.0&amp#27;[0m&amp#27;[32m in the calculator to divide them&amp#27;[0m &amp#27;[90m# calculator.StepDefinitions.i_have_entered_and_in_the_calculator_to_divide_them(java.lang.Double,java.lang.Double)&amp#27;[0m
  &amp#27;[32mThen &amp#27;[0m&amp#27;[32moutput of the division should be &amp#27;[0m&amp#27;[32m&amp#27;[1m1.5&amp#27;[0m                        &amp#27;[90m# calculator.StepDefinitions.output_of_the_division_should_be(java.lang.Double)&amp#27;[0m
]]></system-out>
  </testcase>
  <testcase name="Example #1" classname="Examples" time="0.01">
    <system-out><![CDATA[
Scenario: IsPrime?                                              &amp#27;[90m# calculator/esprimo.feature:11&amp#27;[0m
  &amp#27;[32mGiven &amp#27;[0m&amp#27;[32mThe calculator is running&amp#27;[0m                               &amp#27;[90m# calculator.StepDefinitions.the_calculator_is_running()&amp#27;[0m
  &amp#27;[32mWhen &amp#27;[0m&amp#27;[32mI have entered &amp#27;[0m&amp#27;[32m&amp#27;[1m7&amp#27;[0m&amp#27;[32m in the calculator to see if it is prime&amp#27;[0m &amp#27;[90m# calculator.StepDefinitions.i_have_entered_in_the_calculator_to_see_if_it_is_prime(java.lang.Integer)&amp#27;[0m
  &amp#27;[32mThen &amp#27;[0m&amp#27;[32moutput should be &amp#27;[0m&amp#27;[32m&amp#27;[1m"true"&amp#27;[0m                                  &amp#27;[90m# calculator.StepDefinitions.output_should_be(java.lang.String)&amp#27;[0m
]]></system-out>
  </testcase>
  <testcase name="Example #1" classname="Examples" time="0.005">
    <system-out><![CDATA[
Scenario: Subtraction two numbers                                       &amp#27;[90m# calculator/resta.feature:11&amp#27;[0m
  &amp#27;[32mGiven &amp#27;[0m&amp#27;[32mThe calculator is running&amp#27;[0m                                       &amp#27;[90m# calculator.StepDefinitions.the_calculator_is_running()&amp#27;[0m
  &amp#27;[32mWhen &amp#27;[0m&amp#27;[32mI have entered &amp#27;[0m&amp#27;[32m&amp#27;[1m2.0&amp#27;[0m&amp#27;[32m and &amp#27;[0m&amp#27;[32m&amp#27;[1m1.0&amp#27;[0m&amp#27;[32m in the calculator to subtraction them&amp#27;[0m &amp#27;[90m# calculator.StepDefinitions.i_have_entered_and_in_the_calculator_to_subtraction_them(java.lang.Double,java.lang.Double)&amp#27;[0m
  &amp#27;[32mThen &amp#27;[0m&amp#27;[32moutput of the subtraction should be &amp#27;[0m&amp#27;[32m&amp#27;[1m1.0&amp#27;[0m                          &amp#27;[90m# calculator.StepDefinitions.output_of_the_subtraction_should_be(java.lang.Double)&amp#27;[0m
]]></system-out>
  </testcase>
  <testcase name="Example #2" classname="Examples" time="0.005">
    <system-out><![CDATA[
Scenario: IsPrime?                                              &amp#27;[90m# calculator/esprimo.feature:12&amp#27;[0m
  &amp#27;[32mGiven &amp#27;[0m&amp#27;[32mThe calculator is running&amp#27;[0m                               &amp#27;[90m# calculator.StepDefinitions.the_calculator_is_running()&amp#27;[0m
  &amp#27;[32mWhen &amp#27;[0m&amp#27;[32mI have entered &amp#27;[0m&amp#27;[32m&amp#27;[1m4&amp#27;[0m&amp#27;[32m in the calculator to see if it is prime&amp#27;[0m &amp#27;[90m# calculator.StepDefinitions.i_have_entered_in_the_calculator_to_see_if_it_is_prime(java.lang.Integer)&amp#27;[0m
  &amp#27;[32mThen &amp#27;[0m&amp#27;[32moutput should be &amp#27;[0m&amp#27;[32m&amp#27;[1m"false"&amp#27;[0m                                 &amp#27;[90m# calculator.StepDefinitions.output_should_be(java.lang.String)&amp#27;[0m
]]></system-out>
  </testcase>
  <testcase name="Example #2" classname="Examples" time="0.006">
    <system-out><![CDATA[
Scenario: Subtraction two numbers                                        &amp#27;[90m# calculator/resta.feature:12&amp#27;[0m
  &amp#27;[32mGiven &amp#27;[0m&amp#27;[32mThe calculator is running&amp#27;[0m                                        &amp#27;[90m# calculator.StepDefinitions.the_calculator_is_running()&amp#27;[0m
  &amp#27;[32mWhen &amp#27;[0m&amp#27;[32mI have entered &amp#27;[0m&amp#27;[32m&amp#27;[1m10.2&amp#27;[0m&amp#27;[32m and &amp#27;[0m&amp#27;[32m&amp#27;[1m8.2&amp#27;[0m&amp#27;[32m in the calculator to subtraction them&amp#27;[0m &amp#27;[90m# calculator.StepDefinitions.i_have_entered_and_in_the_calculator_to_subtraction_them(java.lang.Double,java.lang.Double)&amp#27;[0m
  &amp#27;[32mThen &amp#27;[0m&amp#27;[32moutput of the subtraction should be &amp#27;[0m&amp#27;[32m&amp#27;[1m2.0&amp#27;[0m                           &amp#27;[90m# calculator.StepDefinitions.output_of_the_subtraction_should_be(java.lang.Double)&amp#27;[0m
]]></system-out>
  </testcase>
  <testcase name="The factorial of two numbers" classname="Factorial" time="0.005">
    <system-out><![CDATA[
Scenario: The factorial of two numbers                               &amp#27;[90m# calculator/factorial.feature:4&amp#27;[0m
  &amp#27;[32mGiven &amp#27;[0m&amp#27;[32mThe calculator is running&amp#27;[0m                                    &amp#27;[90m# calculator.StepDefinitions.the_calculator_is_running()&amp#27;[0m
  &amp#27;[32mWhen &amp#27;[0m&amp#27;[32mI have entered &amp#27;[0m&amp#27;[32m&amp#27;[1m3&amp#27;[0m&amp#27;[32m in the calculator to calculate his factorial&amp#27;[0m &amp#27;[90m# calculator.StepDefinitions.i_have_entered_in_the_calculator_to_calculate_his_factorial(java.lang.Integer)&amp#27;[0m
  &amp#27;[32mThen &amp#27;[0m&amp#27;[32moutput of the factorial should be &amp#27;[0m&amp#27;[32m&amp#27;[1m6&amp#27;[0m                           &amp#27;[90m# calculator.StepDefinitions.output_of_the_factorial_should_be(java.lang.Integer)&amp#27;[0m
]]></system-out>
  </testcase>
  <testcase name="Multiply two numbers" classname="Multiply" time="0.006">
    <system-out><![CDATA[
Scenario: Multiply two numbers                                     &amp#27;[90m# calculator/mult.feature:4&amp#27;[0m
  &amp#27;[32mGiven &amp#27;[0m&amp#27;[32mThe calculator is running&amp#27;[0m                                  &amp#27;[90m# calculator.StepDefinitions.the_calculator_is_running()&amp#27;[0m
  &amp#27;[32mWhen &amp#27;[0m&amp#27;[32mI have entered &amp#27;[0m&amp#27;[32m&amp#27;[1m5.0&amp#27;[0m&amp#27;[32m * &amp#27;[0m&amp#27;[32m&amp#27;[1m5.0&amp#27;[0m&amp#27;[32m in the calculator to multiply them&amp#27;[0m &amp#27;[90m# calculator.StepDefinitions.i_have_entered_in_the_calculator_to_multiply_them(java.lang.Double,java.lang.Double)&amp#27;[0m
  &amp#27;[32mThen &amp#27;[0m&amp#27;[32moutput of the multiplication should be &amp#27;[0m&amp#27;[32m&amp#27;[1m25.0&amp#27;[0m                 &amp#27;[90m# calculator.StepDefinitions.output_of_the_multiplication_should_be(java.lang.Double)&amp#27;[0m
]]></system-out>
  </testcase>
  <testcase name="Sum two numbers" classname="Sum" time="0.005">
    <system-out><![CDATA[
Scenario: Sum two numbers                                       &amp#27;[90m# calculator/suma.feature:4&amp#27;[0m
  &amp#27;[32mGiven &amp#27;[0m&amp#27;[32mThe calculator is running&amp#27;[0m                               &amp#27;[90m# calculator.StepDefinitions.the_calculator_is_running()&amp#27;[0m
  &amp#27;[32mWhen &amp#27;[0m&amp#27;[32mI have entered &amp#27;[0m&amp#27;[32m&amp#27;[1m4.0&amp#27;[0m&amp#27;[32m and &amp#27;[0m&amp#27;[32m&amp#27;[1m3.0&amp#27;[0m&amp#27;[32m in the calculator to sum them&amp#27;[0m &amp#27;[90m# calculator.StepDefinitions.i_have_entered_and_in_the_calculator_to_sum_them(java.lang.Double,java.lang.Double)&amp#27;[0m
  &amp#27;[32mThen &amp#27;[0m&amp#27;[32moutput of the sum should be &amp#27;[0m&amp#27;[32m&amp#27;[1m7.0&amp#27;[0m                          &amp#27;[90m# calculator.StepDefinitions.output_of_the_sum_should_be(java.lang.Double)&amp#27;[0m
]]></system-out>
  </testcase>
</testsuite>